[2021-05-05 08:02:33,063] INFO [ReplicaFetcher replicaId=1, leaderId=0, fetcherId=0] Error sending fetch request (sessionId=1492521722, epoch=21016) to node 0: (org.apache.kafka.clients.FetchSessionHandler)
java.io.IOException: Connection to 0 was disconnected before the response was read
	at org.apache.kafka.clients.NetworkClientUtils.sendAndReceive(NetworkClientUtils.java:100)
	at kafka.server.ReplicaFetcherBlockingSend.sendRequest(ReplicaFetcherBlockingSend.scala:110)
	at kafka.server.ReplicaFetcherThread.fetchFromLeader(ReplicaFetcherThread.scala:211)
	at kafka.server.AbstractFetcherThread.processFetchRequest(AbstractFetcherThread.scala:301)
	at kafka.server.AbstractFetcherThread.$anonfun$maybeFetch$3(AbstractFetcherThread.scala:136)
	at kafka.server.AbstractFetcherThread.maybeFetch(AbstractFetcherThread.scala:135)
	at kafka.server.AbstractFetcherThread.doWork(AbstractFetcherThread.scala:118)
	at kafka.utils.ShutdownableThread.run(ShutdownableThread.scala:96)
[2021-05-05 08:02:33,200] WARN [ReplicaFetcher replicaId=1, leaderId=0, fetcherId=0] Error in response for fetch request (type=FetchRequest, replicaId=1, maxWait=500, minBytes=1, maxBytes=10485760, fetchData={}, isolationLevel=READ_UNCOMMITTED, toForget=, metadata=(sessionId=1492521722, epoch=21016), rackId=) (kafka.server.ReplicaFetcherThread)
java.io.IOException: Connection to 0 was disconnected before the response was read
	at org.apache.kafka.clients.NetworkClientUtils.sendAndReceive(NetworkClientUtils.java:100)
	at kafka.server.ReplicaFetcherBlockingSend.sendRequest(ReplicaFetcherBlockingSend.scala:110)
	at kafka.server.ReplicaFetcherThread.fetchFromLeader(ReplicaFetcherThread.scala:211)
	at kafka.server.AbstractFetcherThread.processFetchRequest(AbstractFetcherThread.scala:301)
	at kafka.server.AbstractFetcherThread.$anonfun$maybeFetch$3(AbstractFetcherThread.scala:136)
	at kafka.server.AbstractFetcherThread.maybeFetch(AbstractFetcherThread.scala:135)
	at kafka.server.AbstractFetcherThread.doWork(AbstractFetcherThread.scala:118)
	at kafka.utils.ShutdownableThread.run(ShutdownableThread.scala:96)
