[2021-05-04 22:00:11,163] INFO [Controller id=0 epoch=4] Changed partition test7-0 state from NonExistentPartition to NewPartition with assigned replicas 0 (state.change.logger)
[2021-05-04 22:00:11,164] INFO [Controller id=0 epoch=4] Sending UpdateMetadata request to brokers HashSet() for 0 partitions (state.change.logger)
[2021-05-04 22:00:11,166] INFO [Controller id=0 epoch=4] Sending UpdateMetadata request to brokers HashSet() for 0 partitions (state.change.logger)
[2021-05-04 22:00:11,183] INFO [Controller id=0 epoch=4] Changed partition test7-0 from NewPartition to OnlinePartition with state LeaderAndIsr(leader=0, leaderEpoch=0, isr=List(0), zkVersion=0) (state.change.logger)
[2021-05-04 22:00:11,183] INFO [Controller id=0 epoch=4] Sending LeaderAndIsr request to broker 0 with 1 become-leader and 0 become-follower partitions (state.change.logger)
[2021-05-04 22:00:11,184] INFO [Controller id=0 epoch=4] Sending UpdateMetadata request to brokers HashSet(0) for 1 partitions (state.change.logger)
[2021-05-04 22:00:11,185] INFO [Controller id=0 epoch=4] Sending UpdateMetadata request to brokers HashSet() for 0 partitions (state.change.logger)
[2021-05-04 22:00:11,186] INFO [Broker id=0] Handling LeaderAndIsr request correlationId 3 from controller 0 for 1 partitions (state.change.logger)
[2021-05-04 22:00:11,189] INFO [Broker id=0] Stopped fetchers as part of LeaderAndIsr request correlationId 3 from controller 0 epoch 4 as part of the become-leader transition for 1 partitions (state.change.logger)
[2021-05-04 22:00:11,201] INFO [Broker id=0] Leader test7-0 starts at leader epoch 0 from offset 0 with high watermark 0 ISR [0] addingReplicas [] removingReplicas []. Previous leader epoch was -1. (state.change.logger)
[2021-05-04 22:00:11,204] INFO [Broker id=0] Finished LeaderAndIsr request in 18ms correlationId 3 from controller 0 for 1 partitions (state.change.logger)
[2021-05-04 22:00:11,206] INFO [Broker id=0] Add 1 partitions and deleted 0 partitions from metadata cache in response to UpdateMetadata request sent by controller 0 epoch 4 with correlation id 4 (state.change.logger)
[2021-05-04 22:07:19,822] INFO [Controller id=0 epoch=4] Sending UpdateMetadata request to brokers HashSet() for 0 partitions (state.change.logger)
[2021-05-04 22:08:06,687] INFO [Controller id=0 epoch=5] Sending UpdateMetadata request to brokers HashSet(0) for 0 partitions (state.change.logger)
[2021-05-04 22:08:06,710] INFO [Controller id=0 epoch=5] Sending LeaderAndIsr request to broker 0 with 3 become-leader and 0 become-follower partitions (state.change.logger)
[2021-05-04 22:08:06,711] INFO [Controller id=0 epoch=5] Sending UpdateMetadata request to brokers HashSet(0) for 3 partitions (state.change.logger)
[2021-05-04 22:08:06,779] INFO [Broker id=0] Handling LeaderAndIsr request correlationId 1 from controller 0 for 3 partitions (state.change.logger)
[2021-05-04 22:08:06,798] INFO [Broker id=0] Stopped fetchers as part of LeaderAndIsr request correlationId 1 from controller 0 epoch 5 as part of the become-leader transition for 3 partitions (state.change.logger)
[2021-05-04 22:08:06,806] INFO [Broker id=0] Leader topic123-0 starts at leader epoch 0 from offset 6 with high watermark 6 ISR [0] addingReplicas [] removingReplicas []. Previous leader epoch was -1. (state.change.logger)
[2021-05-04 22:08:06,812] INFO [Broker id=0] Leader test7-0 starts at leader epoch 0 from offset 1 with high watermark 1 ISR [0] addingReplicas [] removingReplicas []. Previous leader epoch was -1. (state.change.logger)
[2021-05-04 22:08:06,813] INFO [Broker id=0] Leader test-0 starts at leader epoch 0 from offset 9 with high watermark 9 ISR [0] addingReplicas [] removingReplicas []. Previous leader epoch was -1. (state.change.logger)
[2021-05-04 22:08:06,819] INFO [Broker id=0] Finished LeaderAndIsr request in 41ms correlationId 1 from controller 0 for 3 partitions (state.change.logger)
[2021-05-04 22:08:06,828] INFO [Broker id=0] Add 3 partitions and deleted 0 partitions from metadata cache in response to UpdateMetadata request sent by controller 0 epoch 5 with correlation id 2 (state.change.logger)
[2021-05-04 22:32:17,254] INFO [Controller id=0 epoch=5] Sending UpdateMetadata request to brokers HashSet(0) for 0 partitions (state.change.logger)
[2021-05-04 22:32:17,258] INFO [Controller id=0 epoch=5] Sending UpdateMetadata request to brokers HashSet(1) for 3 partitions (state.change.logger)
[2021-05-04 22:32:17,417] INFO [Broker id=1] Add 3 partitions and deleted 0 partitions from metadata cache in response to UpdateMetadata request sent by controller 0 epoch 5 with correlation id 0 (state.change.logger)
[2021-05-04 22:32:26,325] INFO [Controller id=0 epoch=5] Changed partition notify-0 state from NonExistentPartition to NewPartition with assigned replicas 1,0 (state.change.logger)
[2021-05-04 22:32:26,325] INFO [Controller id=0 epoch=5] Changed partition notify-1 state from NonExistentPartition to NewPartition with assigned replicas 0,1 (state.change.logger)
[2021-05-04 22:32:26,325] INFO [Controller id=0 epoch=5] Sending UpdateMetadata request to brokers HashSet() for 0 partitions (state.change.logger)
[2021-05-04 22:32:26,327] INFO [Controller id=0 epoch=5] Sending UpdateMetadata request to brokers HashSet() for 0 partitions (state.change.logger)
[2021-05-04 22:32:26,347] INFO [Controller id=0 epoch=5] Changed partition notify-0 from NewPartition to OnlinePartition with state LeaderAndIsr(leader=1, leaderEpoch=0, isr=List(1, 0), zkVersion=0) (state.change.logger)
[2021-05-04 22:32:26,347] INFO [Controller id=0 epoch=5] Changed partition notify-1 from NewPartition to OnlinePartition with state LeaderAndIsr(leader=0, leaderEpoch=0, isr=List(0, 1), zkVersion=0) (state.change.logger)
[2021-05-04 22:32:26,347] INFO [Controller id=0 epoch=5] Sending LeaderAndIsr request to broker 0 with 1 become-leader and 1 become-follower partitions (state.change.logger)
[2021-05-04 22:32:26,348] INFO [Controller id=0 epoch=5] Sending LeaderAndIsr request to broker 1 with 1 become-leader and 1 become-follower partitions (state.change.logger)
[2021-05-04 22:32:26,348] INFO [Controller id=0 epoch=5] Sending UpdateMetadata request to brokers HashSet(0, 1) for 2 partitions (state.change.logger)
[2021-05-04 22:32:26,348] INFO [Controller id=0 epoch=5] Sending UpdateMetadata request to brokers HashSet() for 0 partitions (state.change.logger)
[2021-05-04 22:32:26,349] INFO [Broker id=0] Handling LeaderAndIsr request correlationId 4 from controller 0 for 2 partitions (state.change.logger)
[2021-05-04 22:32:26,351] INFO [Broker id=1] Handling LeaderAndIsr request correlationId 1 from controller 0 for 2 partitions (state.change.logger)
[2021-05-04 22:32:26,353] INFO [Broker id=0] Stopped fetchers as part of LeaderAndIsr request correlationId 4 from controller 0 epoch 5 as part of the become-leader transition for 1 partitions (state.change.logger)
[2021-05-04 22:32:26,371] INFO [Broker id=0] Leader notify-1 starts at leader epoch 0 from offset 0 with high watermark 0 ISR [0,1] addingReplicas [] removingReplicas []. Previous leader epoch was -1. (state.change.logger)
[2021-05-04 22:32:26,376] INFO [Broker id=1] Stopped fetchers as part of LeaderAndIsr request correlationId 1 from controller 0 epoch 5 as part of the become-leader transition for 1 partitions (state.change.logger)
[2021-05-04 22:32:26,385] INFO [Broker id=0] Follower notify-0 starts at leader epoch 0 from offset 0 with high watermark 0. Previous leader epoch was -1. (state.change.logger)
[2021-05-04 22:32:26,385] INFO [Broker id=0] Stopped fetchers as part of become-follower request from controller 0 epoch 5 with correlation id 4 for 1 partitions (state.change.logger)
[2021-05-04 22:32:26,414] INFO [Broker id=0] Finished LeaderAndIsr request in 65ms correlationId 4 from controller 0 for 2 partitions (state.change.logger)
[2021-05-04 22:32:26,417] INFO [Broker id=0] Add 2 partitions and deleted 0 partitions from metadata cache in response to UpdateMetadata request sent by controller 0 epoch 5 with correlation id 5 (state.change.logger)
[2021-05-04 22:32:26,450] INFO [Broker id=1] Leader notify-0 starts at leader epoch 0 from offset 0 with high watermark 0 ISR [1,0] addingReplicas [] removingReplicas []. Previous leader epoch was -1. (state.change.logger)
[2021-05-04 22:32:26,471] INFO [Broker id=1] Follower notify-1 starts at leader epoch 0 from offset 0 with high watermark 0. Previous leader epoch was -1. (state.change.logger)
[2021-05-04 22:32:26,472] INFO [Broker id=1] Stopped fetchers as part of become-follower request from controller 0 epoch 5 with correlation id 1 for 1 partitions (state.change.logger)
[2021-05-04 22:32:26,502] INFO [Broker id=1] Finished LeaderAndIsr request in 151ms correlationId 1 from controller 0 for 2 partitions (state.change.logger)
[2021-05-04 22:32:26,508] INFO [Broker id=1] Add 2 partitions and deleted 0 partitions from metadata cache in response to UpdateMetadata request sent by controller 0 epoch 5 with correlation id 2 (state.change.logger)
[2021-05-04 22:35:27,824] INFO [Controller id=0 epoch=5] Sending UpdateMetadata request to brokers HashSet() for 0 partitions (state.change.logger)
[2021-05-04 22:35:27,825] INFO [Controller id=0 epoch=5] Sending UpdateMetadata request to brokers HashSet() for 0 partitions (state.change.logger)
[2021-05-04 22:35:27,827] INFO [Controller id=0 epoch=5] Sending UpdateMetadata request to brokers HashSet(0, 1) for 1 partitions (state.change.logger)
[2021-05-04 22:35:27,830] INFO [Broker id=0] Add 0 partitions and deleted 1 partitions from metadata cache in response to UpdateMetadata request sent by controller 0 epoch 5 with correlation id 6 (state.change.logger)
[2021-05-04 22:35:27,830] INFO [Broker id=1] Add 0 partitions and deleted 1 partitions from metadata cache in response to UpdateMetadata request sent by controller 0 epoch 5 with correlation id 3 (state.change.logger)
[2021-05-04 22:35:27,845] INFO [Controller id=0 epoch=5] Partition test7-0 state changed to (Leader:-1,ISR:0,LeaderEpoch:1,ControllerEpoch:5) after removing replica 0 from the ISR as part of transition to OfflineReplica (state.change.logger)
[2021-05-04 22:35:27,846] INFO [Controller id=0 epoch=5] Sending UpdateMetadata request to brokers HashSet() for 0 partitions (state.change.logger)
[2021-05-04 22:35:27,851] INFO [Controller id=0 epoch=5] Sending StopReplica request for 1 replicas to broker 0 (state.change.logger)
[2021-05-04 22:35:27,852] INFO [Controller id=0 epoch=5] Sending UpdateMetadata request to brokers HashSet() for 0 partitions (state.change.logger)
[2021-05-04 22:35:27,852] INFO [Controller id=0 epoch=5] Sending StopReplica request for 1 replicas to broker 0 (state.change.logger)
[2021-05-04 22:35:27,853] INFO [Broker id=0] Handling StopReplica request correlationId 7 from controller 0 for 1 partitions (state.change.logger)
[2021-05-04 22:35:27,861] INFO [Broker id=0] Handling StopReplica request correlationId 8 from controller 0 for 1 partitions (state.change.logger)
[2021-05-04 22:35:27,935] INFO [Controller id=0 epoch=5] Sending UpdateMetadata request to brokers HashSet() for 0 partitions (state.change.logger)
[2021-05-04 22:35:27,960] INFO [Controller id=0 epoch=5] Sending UpdateMetadata request to brokers HashSet() for 0 partitions (state.change.logger)
[2021-05-04 22:54:55,750] INFO [Controller id=0 epoch=5] Changed partition __consumer_offsets-22 state from NonExistentPartition to NewPartition with assigned replicas 1 (state.change.logger)
[2021-05-04 22:54:55,752] INFO [Controller id=0 epoch=5] Changed partition __consumer_offsets-30 state from NonExistentPartition to NewPartition with assigned replicas 1 (state.change.logger)
[2021-05-04 22:54:55,752] INFO [Controller id=0 epoch=5] Changed partition __consumer_offsets-25 state from NonExistentPartition to NewPartition with assigned replicas 0 (state.change.logger)
[2021-05-04 22:54:55,752] INFO [Controller id=0 epoch=5] Changed partition __consumer_offsets-35 state from NonExistentPartition to NewPartition with assigned replicas 0 (state.change.logger)
[2021-05-04 22:54:55,752] INFO [Controller id=0 epoch=5] Changed partition __consumer_offsets-37 state from NonExistentPartition to NewPartition with assigned replicas 0 (state.change.logger)
[2021-05-04 22:54:55,752] INFO [Controller id=0 epoch=5] Changed partition __consumer_offsets-38 state from NonExistentPartition to NewPartition with assigned replicas 1 (state.change.logger)
[2021-05-04 22:54:55,752] INFO [Controller id=0 epoch=5] Changed partition __consumer_offsets-13 state from NonExistentPartition to NewPartition with assigned replicas 0 (state.change.logger)
[2021-05-04 22:54:55,752] INFO [Controller id=0 epoch=5] Changed partition __consumer_offsets-8 state from NonExistentPartition to NewPartition with assigned replicas 1 (state.change.logger)
[2021-05-04 22:54:55,753] INFO [Controller id=0 epoch=5] Changed partition __consumer_offsets-21 state from NonExistentPartition to NewPartition with assigned replicas 0 (state.change.logger)
[2021-05-04 22:54:55,753] INFO [Controller id=0 epoch=5] Changed partition __consumer_offsets-4 state from NonExistentPartition to NewPartition with assigned replicas 1 (state.change.logger)
[2021-05-04 22:54:55,753] INFO [Controller id=0 epoch=5] Changed partition __consumer_offsets-27 state from NonExistentPartition to NewPartition with assigned replicas 0 (state.change.logger)
[2021-05-04 22:54:55,753] INFO [Controller id=0 epoch=5] Changed partition __consumer_offsets-7 state from NonExistentPartition to NewPartition with assigned replicas 0 (state.change.logger)
[2021-05-04 22:54:55,753] INFO [Controller id=0 epoch=5] Changed partition __consumer_offsets-9 state from NonExistentPartition to NewPartition with assigned replicas 0 (state.change.logger)
[2021-05-04 22:54:55,753] INFO [Controller id=0 epoch=5] Changed partition __consumer_offsets-46 state from NonExistentPartition to NewPartition with assigned replicas 1 (state.change.logger)
[2021-05-04 22:54:55,753] INFO [Controller id=0 epoch=5] Changed partition __consumer_offsets-41 state from NonExistentPartition to NewPartition with assigned replicas 0 (state.change.logger)
[2021-05-04 22:54:55,753] INFO [Controller id=0 epoch=5] Changed partition __consumer_offsets-33 state from NonExistentPartition to NewPartition with assigned replicas 0 (state.change.logger)
[2021-05-04 22:54:55,754] INFO [Controller id=0 epoch=5] Changed partition __consumer_offsets-23 state from NonExistentPartition to NewPartition with assigned replicas 0 (state.change.logger)
[2021-05-04 22:54:55,754] INFO [Controller id=0 epoch=5] Changed partition __consumer_offsets-49 state from NonExistentPartition to NewPartition with assigned replicas 0 (state.change.logger)
[2021-05-04 22:54:55,754] INFO [Controller id=0 epoch=5] Changed partition __consumer_offsets-47 state from NonExistentPartition to NewPartition with assigned replicas 0 (state.change.logger)
[2021-05-04 22:54:55,754] INFO [Controller id=0 epoch=5] Changed partition __consumer_offsets-16 state from NonExistentPartition to NewPartition with assigned replicas 1 (state.change.logger)
[2021-05-04 22:54:55,754] INFO [Controller id=0 epoch=5] Changed partition __consumer_offsets-28 state from NonExistentPartition to NewPartition with assigned replicas 1 (state.change.logger)
[2021-05-04 22:54:55,755] INFO [Controller id=0 epoch=5] Changed partition __consumer_offsets-31 state from NonExistentPartition to NewPartition with assigned replicas 0 (state.change.logger)
[2021-05-04 22:54:55,774] INFO [Controller id=0 epoch=5] Changed partition __consumer_offsets-36 state from NonExistentPartition to NewPartition with assigned replicas 1 (state.change.logger)
[2021-05-04 22:54:55,775] INFO [Controller id=0 epoch=5] Changed partition __consumer_offsets-42 state from NonExistentPartition to NewPartition with assigned replicas 1 (state.change.logger)
[2021-05-04 22:54:55,806] INFO [Controller id=0 epoch=5] Changed partition __consumer_offsets-3 state from NonExistentPartition to NewPartition with assigned replicas 0 (state.change.logger)
[2021-05-04 22:54:55,806] INFO [Controller id=0 epoch=5] Changed partition __consumer_offsets-18 state from NonExistentPartition to NewPartition with assigned replicas 1 (state.change.logger)
[2021-05-04 22:54:55,806] INFO [Controller id=0 epoch=5] Changed partition __consumer_offsets-15 state from NonExistentPartition to NewPartition with assigned replicas 0 (state.change.logger)
[2021-05-04 22:54:55,832] INFO [Controller id=0 epoch=5] Changed partition __consumer_offsets-24 state from NonExistentPartition to NewPartition with assigned replicas 1 (state.change.logger)
[2021-05-04 22:54:55,832] INFO [Controller id=0 epoch=5] Changed partition __consumer_offsets-17 state from NonExistentPartition to NewPartition with assigned replicas 0 (state.change.logger)
[2021-05-04 22:54:55,832] INFO [Controller id=0 epoch=5] Changed partition __consumer_offsets-48 state from NonExistentPartition to NewPartition with assigned replicas 1 (state.change.logger)
[2021-05-04 22:54:55,832] INFO [Controller id=0 epoch=5] Changed partition __consumer_offsets-19 state from NonExistentPartition to NewPartition with assigned replicas 0 (state.change.logger)
[2021-05-04 22:54:55,832] INFO [Controller id=0 epoch=5] Changed partition __consumer_offsets-11 state from NonExistentPartition to NewPartition with assigned replicas 0 (state.change.logger)
[2021-05-04 22:54:55,832] INFO [Controller id=0 epoch=5] Changed partition __consumer_offsets-2 state from NonExistentPartition to NewPartition with assigned replicas 1 (state.change.logger)
[2021-05-04 22:54:55,832] INFO [Controller id=0 epoch=5] Changed partition __consumer_offsets-43 state from NonExistentPartition to NewPartition with assigned replicas 0 (state.change.logger)
[2021-05-04 22:54:55,832] INFO [Controller id=0 epoch=5] Changed partition __consumer_offsets-6 state from NonExistentPartition to NewPartition with assigned replicas 1 (state.change.logger)
[2021-05-04 22:54:55,832] INFO [Controller id=0 epoch=5] Changed partition __consumer_offsets-14 state from NonExistentPartition to NewPartition with assigned replicas 1 (state.change.logger)
[2021-05-04 22:54:55,832] INFO [Controller id=0 epoch=5] Changed partition __consumer_offsets-20 state from NonExistentPartition to NewPartition with assigned replicas 1 (state.change.logger)
[2021-05-04 22:54:55,833] INFO [Controller id=0 epoch=5] Changed partition __consumer_offsets-0 state from NonExistentPartition to NewPartition with assigned replicas 1 (state.change.logger)
[2021-05-04 22:54:55,833] INFO [Controller id=0 epoch=5] Changed partition __consumer_offsets-44 state from NonExistentPartition to NewPartition with assigned replicas 1 (state.change.logger)
[2021-05-04 22:54:55,833] INFO [Controller id=0 epoch=5] Changed partition __consumer_offsets-39 state from NonExistentPartition to NewPartition with assigned replicas 0 (state.change.logger)
[2021-05-04 22:54:55,833] INFO [Controller id=0 epoch=5] Changed partition __consumer_offsets-12 state from NonExistentPartition to NewPartition with assigned replicas 1 (state.change.logger)
[2021-05-04 22:54:55,833] INFO [Controller id=0 epoch=5] Changed partition __consumer_offsets-45 state from NonExistentPartition to NewPartition with assigned replicas 0 (state.change.logger)
[2021-05-04 22:54:55,833] INFO [Controller id=0 epoch=5] Changed partition __consumer_offsets-1 state from NonExistentPartition to NewPartition with assigned replicas 0 (state.change.logger)
[2021-05-04 22:54:55,833] INFO [Controller id=0 epoch=5] Changed partition __consumer_offsets-5 state from NonExistentPartition to NewPartition with assigned replicas 0 (state.change.logger)
[2021-05-04 22:54:55,833] INFO [Controller id=0 epoch=5] Changed partition __consumer_offsets-26 state from NonExistentPartition to NewPartition with assigned replicas 1 (state.change.logger)
[2021-05-04 22:54:55,833] INFO [Controller id=0 epoch=5] Changed partition __consumer_offsets-29 state from NonExistentPartition to NewPartition with assigned replicas 0 (state.change.logger)
[2021-05-04 22:54:55,833] INFO [Controller id=0 epoch=5] Changed partition __consumer_offsets-34 state from NonExistentPartition to NewPartition with assigned replicas 1 (state.change.logger)
[2021-05-04 22:54:55,833] INFO [Controller id=0 epoch=5] Changed partition __consumer_offsets-10 state from NonExistentPartition to NewPartition with assigned replicas 1 (state.change.logger)
[2021-05-04 22:54:55,833] INFO [Controller id=0 epoch=5] Changed partition __consumer_offsets-32 state from NonExistentPartition to NewPartition with assigned replicas 1 (state.change.logger)
[2021-05-04 22:54:55,833] INFO [Controller id=0 epoch=5] Changed partition __consumer_offsets-40 state from NonExistentPartition to NewPartition with assigned replicas 1 (state.change.logger)
[2021-05-04 22:54:55,833] INFO [Controller id=0 epoch=5] Sending UpdateMetadata request to brokers HashSet() for 0 partitions (state.change.logger)
[2021-05-04 22:54:55,836] INFO [Controller id=0 epoch=5] Sending UpdateMetadata request to brokers HashSet() for 0 partitions (state.change.logger)
[2021-05-04 22:54:55,906] INFO [Controller id=0 epoch=5] Changed partition __consumer_offsets-22 from NewPartition to OnlinePartition with state LeaderAndIsr(leader=1, leaderEpoch=0, isr=List(1), zkVersion=0) (state.change.logger)
[2021-05-04 22:54:55,906] INFO [Controller id=0 epoch=5] Changed partition __consumer_offsets-30 from NewPartition to OnlinePartition with state LeaderAndIsr(leader=1, leaderEpoch=0, isr=List(1), zkVersion=0) (state.change.logger)
[2021-05-04 22:54:55,906] INFO [Controller id=0 epoch=5] Changed partition __consumer_offsets-25 from NewPartition to OnlinePartition with state LeaderAndIsr(leader=0, leaderEpoch=0, isr=List(0), zkVersion=0) (state.change.logger)
[2021-05-04 22:54:55,906] INFO [Controller id=0 epoch=5] Changed partition __consumer_offsets-35 from NewPartition to OnlinePartition with state LeaderAndIsr(leader=0, leaderEpoch=0, isr=List(0), zkVersion=0) (state.change.logger)
[2021-05-04 22:54:55,906] INFO [Controller id=0 epoch=5] Changed partition __consumer_offsets-37 from NewPartition to OnlinePartition with state LeaderAndIsr(leader=0, leaderEpoch=0, isr=List(0), zkVersion=0) (state.change.logger)
[2021-05-04 22:54:55,906] INFO [Controller id=0 epoch=5] Changed partition __consumer_offsets-38 from NewPartition to OnlinePartition with state LeaderAndIsr(leader=1, leaderEpoch=0, isr=List(1), zkVersion=0) (state.change.logger)
[2021-05-04 22:54:55,906] INFO [Controller id=0 epoch=5] Changed partition __consumer_offsets-13 from NewPartition to OnlinePartition with state LeaderAndIsr(leader=0, leaderEpoch=0, isr=List(0), zkVersion=0) (state.change.logger)
[2021-05-04 22:54:55,906] INFO [Controller id=0 epoch=5] Changed partition __consumer_offsets-8 from NewPartition to OnlinePartition with state LeaderAndIsr(leader=1, leaderEpoch=0, isr=List(1), zkVersion=0) (state.change.logger)
[2021-05-04 22:54:55,906] INFO [Controller id=0 epoch=5] Changed partition __consumer_offsets-21 from NewPartition to OnlinePartition with state LeaderAndIsr(leader=0, leaderEpoch=0, isr=List(0), zkVersion=0) (state.change.logger)
[2021-05-04 22:54:55,906] INFO [Controller id=0 epoch=5] Changed partition __consumer_offsets-4 from NewPartition to OnlinePartition with state LeaderAndIsr(leader=1, leaderEpoch=0, isr=List(1), zkVersion=0) (state.change.logger)
[2021-05-04 22:54:55,906] INFO [Controller id=0 epoch=5] Changed partition __consumer_offsets-27 from NewPartition to OnlinePartition with state LeaderAndIsr(leader=0, leaderEpoch=0, isr=List(0), zkVersion=0) (state.change.logger)
[2021-05-04 22:54:55,906] INFO [Controller id=0 epoch=5] Changed partition __consumer_offsets-7 from NewPartition to OnlinePartition with state LeaderAndIsr(leader=0, leaderEpoch=0, isr=List(0), zkVersion=0) (state.change.logger)
[2021-05-04 22:54:55,906] INFO [Controller id=0 epoch=5] Changed partition __consumer_offsets-9 from NewPartition to OnlinePartition with state LeaderAndIsr(leader=0, leaderEpoch=0, isr=List(0), zkVersion=0) (state.change.logger)
[2021-05-04 22:54:55,906] INFO [Controller id=0 epoch=5] Changed partition __consumer_offsets-46 from NewPartition to OnlinePartition with state LeaderAndIsr(leader=1, leaderEpoch=0, isr=List(1), zkVersion=0) (state.change.logger)
[2021-05-04 22:54:55,906] INFO [Controller id=0 epoch=5] Changed partition __consumer_offsets-41 from NewPartition to OnlinePartition with state LeaderAndIsr(leader=0, leaderEpoch=0, isr=List(0), zkVersion=0) (state.change.logger)
[2021-05-04 22:54:55,907] INFO [Controller id=0 epoch=5] Changed partition __consumer_offsets-33 from NewPartition to OnlinePartition with state LeaderAndIsr(leader=0, leaderEpoch=0, isr=List(0), zkVersion=0) (state.change.logger)
[2021-05-04 22:54:55,907] INFO [Controller id=0 epoch=5] Changed partition __consumer_offsets-23 from NewPartition to OnlinePartition with state LeaderAndIsr(leader=0, leaderEpoch=0, isr=List(0), zkVersion=0) (state.change.logger)
[2021-05-04 22:54:55,907] INFO [Controller id=0 epoch=5] Changed partition __consumer_offsets-49 from NewPartition to OnlinePartition with state LeaderAndIsr(leader=0, leaderEpoch=0, isr=List(0), zkVersion=0) (state.change.logger)
[2021-05-04 22:54:55,907] INFO [Controller id=0 epoch=5] Changed partition __consumer_offsets-47 from NewPartition to OnlinePartition with state LeaderAndIsr(leader=0, leaderEpoch=0, isr=List(0), zkVersion=0) (state.change.logger)
[2021-05-04 22:54:55,907] INFO [Controller id=0 epoch=5] Changed partition __consumer_offsets-16 from NewPartition to OnlinePartition with state LeaderAndIsr(leader=1, leaderEpoch=0, isr=List(1), zkVersion=0) (state.change.logger)
[2021-05-04 22:54:55,907] INFO [Controller id=0 epoch=5] Changed partition __consumer_offsets-28 from NewPartition to OnlinePartition with state LeaderAndIsr(leader=1, leaderEpoch=0, isr=List(1), zkVersion=0) (state.change.logger)
[2021-05-04 22:54:55,907] INFO [Controller id=0 epoch=5] Changed partition __consumer_offsets-31 from NewPartition to OnlinePartition with state LeaderAndIsr(leader=0, leaderEpoch=0, isr=List(0), zkVersion=0) (state.change.logger)
[2021-05-04 22:54:55,907] INFO [Controller id=0 epoch=5] Changed partition __consumer_offsets-36 from NewPartition to OnlinePartition with state LeaderAndIsr(leader=1, leaderEpoch=0, isr=List(1), zkVersion=0) (state.change.logger)
[2021-05-04 22:54:55,907] INFO [Controller id=0 epoch=5] Changed partition __consumer_offsets-42 from NewPartition to OnlinePartition with state LeaderAndIsr(leader=1, leaderEpoch=0, isr=List(1), zkVersion=0) (state.change.logger)
[2021-05-04 22:54:55,907] INFO [Controller id=0 epoch=5] Changed partition __consumer_offsets-3 from NewPartition to OnlinePartition with state LeaderAndIsr(leader=0, leaderEpoch=0, isr=List(0), zkVersion=0) (state.change.logger)
[2021-05-04 22:54:55,907] INFO [Controller id=0 epoch=5] Changed partition __consumer_offsets-18 from NewPartition to OnlinePartition with state LeaderAndIsr(leader=1, leaderEpoch=0, isr=List(1), zkVersion=0) (state.change.logger)
[2021-05-04 22:54:55,907] INFO [Controller id=0 epoch=5] Changed partition __consumer_offsets-15 from NewPartition to OnlinePartition with state LeaderAndIsr(leader=0, leaderEpoch=0, isr=List(0), zkVersion=0) (state.change.logger)
[2021-05-04 22:54:55,907] INFO [Controller id=0 epoch=5] Changed partition __consumer_offsets-24 from NewPartition to OnlinePartition with state LeaderAndIsr(leader=1, leaderEpoch=0, isr=List(1), zkVersion=0) (state.change.logger)
[2021-05-04 22:54:55,907] INFO [Controller id=0 epoch=5] Changed partition __consumer_offsets-17 from NewPartition to OnlinePartition with state LeaderAndIsr(leader=0, leaderEpoch=0, isr=List(0), zkVersion=0) (state.change.logger)
[2021-05-04 22:54:55,907] INFO [Controller id=0 epoch=5] Changed partition __consumer_offsets-48 from NewPartition to OnlinePartition with state LeaderAndIsr(leader=1, leaderEpoch=0, isr=List(1), zkVersion=0) (state.change.logger)
[2021-05-04 22:54:55,907] INFO [Controller id=0 epoch=5] Changed partition __consumer_offsets-19 from NewPartition to OnlinePartition with state LeaderAndIsr(leader=0, leaderEpoch=0, isr=List(0), zkVersion=0) (state.change.logger)
[2021-05-04 22:54:55,907] INFO [Controller id=0 epoch=5] Changed partition __consumer_offsets-11 from NewPartition to OnlinePartition with state LeaderAndIsr(leader=0, leaderEpoch=0, isr=List(0), zkVersion=0) (state.change.logger)
[2021-05-04 22:54:55,907] INFO [Controller id=0 epoch=5] Changed partition __consumer_offsets-2 from NewPartition to OnlinePartition with state LeaderAndIsr(leader=1, leaderEpoch=0, isr=List(1), zkVersion=0) (state.change.logger)
[2021-05-04 22:54:55,907] INFO [Controller id=0 epoch=5] Changed partition __consumer_offsets-43 from NewPartition to OnlinePartition with state LeaderAndIsr(leader=0, leaderEpoch=0, isr=List(0), zkVersion=0) (state.change.logger)
[2021-05-04 22:54:55,907] INFO [Controller id=0 epoch=5] Changed partition __consumer_offsets-6 from NewPartition to OnlinePartition with state LeaderAndIsr(leader=1, leaderEpoch=0, isr=List(1), zkVersion=0) (state.change.logger)
[2021-05-04 22:54:55,907] INFO [Controller id=0 epoch=5] Changed partition __consumer_offsets-14 from NewPartition to OnlinePartition with state LeaderAndIsr(leader=1, leaderEpoch=0, isr=List(1), zkVersion=0) (state.change.logger)
[2021-05-04 22:54:55,908] INFO [Controller id=0 epoch=5] Changed partition __consumer_offsets-20 from NewPartition to OnlinePartition with state LeaderAndIsr(leader=1, leaderEpoch=0, isr=List(1), zkVersion=0) (state.change.logger)
[2021-05-04 22:54:55,908] INFO [Controller id=0 epoch=5] Changed partition __consumer_offsets-0 from NewPartition to OnlinePartition with state LeaderAndIsr(leader=1, leaderEpoch=0, isr=List(1), zkVersion=0) (state.change.logger)
[2021-05-04 22:54:55,908] INFO [Controller id=0 epoch=5] Changed partition __consumer_offsets-44 from NewPartition to OnlinePartition with state LeaderAndIsr(leader=1, leaderEpoch=0, isr=List(1), zkVersion=0) (state.change.logger)
[2021-05-04 22:54:55,908] INFO [Controller id=0 epoch=5] Changed partition __consumer_offsets-39 from NewPartition to OnlinePartition with state LeaderAndIsr(leader=0, leaderEpoch=0, isr=List(0), zkVersion=0) (state.change.logger)
[2021-05-04 22:54:55,908] INFO [Controller id=0 epoch=5] Changed partition __consumer_offsets-12 from NewPartition to OnlinePartition with state LeaderAndIsr(leader=1, leaderEpoch=0, isr=List(1), zkVersion=0) (state.change.logger)
[2021-05-04 22:54:55,908] INFO [Controller id=0 epoch=5] Changed partition __consumer_offsets-45 from NewPartition to OnlinePartition with state LeaderAndIsr(leader=0, leaderEpoch=0, isr=List(0), zkVersion=0) (state.change.logger)
[2021-05-04 22:54:55,908] INFO [Controller id=0 epoch=5] Changed partition __consumer_offsets-1 from NewPartition to OnlinePartition with state LeaderAndIsr(leader=0, leaderEpoch=0, isr=List(0), zkVersion=0) (state.change.logger)
[2021-05-04 22:54:55,908] INFO [Controller id=0 epoch=5] Changed partition __consumer_offsets-5 from NewPartition to OnlinePartition with state LeaderAndIsr(leader=0, leaderEpoch=0, isr=List(0), zkVersion=0) (state.change.logger)
[2021-05-04 22:54:55,908] INFO [Controller id=0 epoch=5] Changed partition __consumer_offsets-26 from NewPartition to OnlinePartition with state LeaderAndIsr(leader=1, leaderEpoch=0, isr=List(1), zkVersion=0) (state.change.logger)
[2021-05-04 22:54:55,908] INFO [Controller id=0 epoch=5] Changed partition __consumer_offsets-29 from NewPartition to OnlinePartition with state LeaderAndIsr(leader=0, leaderEpoch=0, isr=List(0), zkVersion=0) (state.change.logger)
[2021-05-04 22:54:55,908] INFO [Controller id=0 epoch=5] Changed partition __consumer_offsets-34 from NewPartition to OnlinePartition with state LeaderAndIsr(leader=1, leaderEpoch=0, isr=List(1), zkVersion=0) (state.change.logger)
[2021-05-04 22:54:55,908] INFO [Controller id=0 epoch=5] Changed partition __consumer_offsets-10 from NewPartition to OnlinePartition with state LeaderAndIsr(leader=1, leaderEpoch=0, isr=List(1), zkVersion=0) (state.change.logger)
[2021-05-04 22:54:55,908] INFO [Controller id=0 epoch=5] Changed partition __consumer_offsets-32 from NewPartition to OnlinePartition with state LeaderAndIsr(leader=1, leaderEpoch=0, isr=List(1), zkVersion=0) (state.change.logger)
[2021-05-04 22:54:55,908] INFO [Controller id=0 epoch=5] Changed partition __consumer_offsets-40 from NewPartition to OnlinePartition with state LeaderAndIsr(leader=1, leaderEpoch=0, isr=List(1), zkVersion=0) (state.change.logger)
[2021-05-04 22:54:55,908] INFO [Controller id=0 epoch=5] Sending LeaderAndIsr request to broker 0 with 25 become-leader and 0 become-follower partitions (state.change.logger)
[2021-05-04 22:54:55,909] INFO [Controller id=0 epoch=5] Sending LeaderAndIsr request to broker 1 with 25 become-leader and 0 become-follower partitions (state.change.logger)
[2021-05-04 22:54:55,909] INFO [Controller id=0 epoch=5] Sending UpdateMetadata request to brokers HashSet(0, 1) for 50 partitions (state.change.logger)
[2021-05-04 22:54:55,911] INFO [Controller id=0 epoch=5] Sending UpdateMetadata request to brokers HashSet() for 0 partitions (state.change.logger)
[2021-05-04 22:54:55,917] INFO [Broker id=0] Handling LeaderAndIsr request correlationId 9 from controller 0 for 25 partitions (state.change.logger)
[2021-05-04 22:54:55,918] INFO [Broker id=1] Handling LeaderAndIsr request correlationId 4 from controller 0 for 25 partitions (state.change.logger)
[2021-05-04 22:54:55,949] INFO [Broker id=0] Stopped fetchers as part of LeaderAndIsr request correlationId 9 from controller 0 epoch 5 as part of the become-leader transition for 25 partitions (state.change.logger)
[2021-05-04 22:54:55,956] INFO [Broker id=1] Stopped fetchers as part of LeaderAndIsr request correlationId 4 from controller 0 epoch 5 as part of the become-leader transition for 25 partitions (state.change.logger)
[2021-05-04 22:54:55,960] INFO [Broker id=0] Leader __consumer_offsets-3 starts at leader epoch 0 from offset 0 with high watermark 0 ISR [0] addingReplicas [] removingReplicas []. Previous leader epoch was -1. (state.change.logger)
[2021-05-04 22:54:55,968] INFO [Broker id=0] Leader __consumer_offsets-37 starts at leader epoch 0 from offset 0 with high watermark 0 ISR [0] addingReplicas [] removingReplicas []. Previous leader epoch was -1. (state.change.logger)
[2021-05-04 22:54:55,971] INFO [Broker id=1] Leader __consumer_offsets-18 starts at leader epoch 0 from offset 0 with high watermark 0 ISR [1] addingReplicas [] removingReplicas []. Previous leader epoch was -1. (state.change.logger)
[2021-05-04 22:54:55,974] INFO [Broker id=0] Leader __consumer_offsets-7 starts at leader epoch 0 from offset 0 with high watermark 0 ISR [0] addingReplicas [] removingReplicas []. Previous leader epoch was -1. (state.change.logger)
[2021-05-04 22:54:55,976] INFO [Broker id=1] Leader __consumer_offsets-22 starts at leader epoch 0 from offset 0 with high watermark 0 ISR [1] addingReplicas [] removingReplicas []. Previous leader epoch was -1. (state.change.logger)
[2021-05-04 22:54:55,980] INFO [Broker id=0] Leader __consumer_offsets-41 starts at leader epoch 0 from offset 0 with high watermark 0 ISR [0] addingReplicas [] removingReplicas []. Previous leader epoch was -1. (state.change.logger)
[2021-05-04 22:54:55,982] INFO [Broker id=1] Leader __consumer_offsets-10 starts at leader epoch 0 from offset 0 with high watermark 0 ISR [1] addingReplicas [] removingReplicas []. Previous leader epoch was -1. (state.change.logger)
[2021-05-04 22:54:55,987] INFO [Broker id=0] Leader __consumer_offsets-29 starts at leader epoch 0 from offset 0 with high watermark 0 ISR [0] addingReplicas [] removingReplicas []. Previous leader epoch was -1. (state.change.logger)
[2021-05-04 22:54:55,988] INFO [Broker id=1] Leader __consumer_offsets-44 starts at leader epoch 0 from offset 0 with high watermark 0 ISR [1] addingReplicas [] removingReplicas []. Previous leader epoch was -1. (state.change.logger)
[2021-05-04 22:54:55,993] INFO [Broker id=0] Leader __consumer_offsets-33 starts at leader epoch 0 from offset 0 with high watermark 0 ISR [0] addingReplicas [] removingReplicas []. Previous leader epoch was -1. (state.change.logger)
[2021-05-04 22:54:55,994] INFO [Broker id=1] Leader __consumer_offsets-14 starts at leader epoch 0 from offset 0 with high watermark 0 ISR [1] addingReplicas [] removingReplicas []. Previous leader epoch was -1. (state.change.logger)
[2021-05-04 22:54:56,001] INFO [Broker id=0] Leader __consumer_offsets-19 starts at leader epoch 0 from offset 0 with high watermark 0 ISR [0] addingReplicas [] removingReplicas []. Previous leader epoch was -1. (state.change.logger)
[2021-05-04 22:54:56,003] INFO [Broker id=1] Leader __consumer_offsets-48 starts at leader epoch 0 from offset 0 with high watermark 0 ISR [1] addingReplicas [] removingReplicas []. Previous leader epoch was -1. (state.change.logger)
[2021-05-04 22:54:56,007] INFO [Broker id=0] Leader __consumer_offsets-23 starts at leader epoch 0 from offset 0 with high watermark 0 ISR [0] addingReplicas [] removingReplicas []. Previous leader epoch was -1. (state.change.logger)
[2021-05-04 22:54:56,009] INFO [Broker id=1] Leader __consumer_offsets-34 starts at leader epoch 0 from offset 0 with high watermark 0 ISR [1] addingReplicas [] removingReplicas []. Previous leader epoch was -1. (state.change.logger)
[2021-05-04 22:54:56,013] INFO [Broker id=0] Leader __consumer_offsets-11 starts at leader epoch 0 from offset 0 with high watermark 0 ISR [0] addingReplicas [] removingReplicas []. Previous leader epoch was -1. (state.change.logger)
[2021-05-04 22:54:56,016] INFO [Broker id=1] Leader __consumer_offsets-4 starts at leader epoch 0 from offset 0 with high watermark 0 ISR [1] addingReplicas [] removingReplicas []. Previous leader epoch was -1. (state.change.logger)
[2021-05-04 22:54:56,019] INFO [Broker id=0] Leader __consumer_offsets-45 starts at leader epoch 0 from offset 0 with high watermark 0 ISR [0] addingReplicas [] removingReplicas []. Previous leader epoch was -1. (state.change.logger)
[2021-05-04 22:54:56,023] INFO [Broker id=1] Leader __consumer_offsets-38 starts at leader epoch 0 from offset 0 with high watermark 0 ISR [1] addingReplicas [] removingReplicas []. Previous leader epoch was -1. (state.change.logger)
[2021-05-04 22:54:56,025] INFO [Broker id=0] Leader __consumer_offsets-15 starts at leader epoch 0 from offset 0 with high watermark 0 ISR [0] addingReplicas [] removingReplicas []. Previous leader epoch was -1. (state.change.logger)
[2021-05-04 22:54:56,029] INFO [Broker id=1] Leader __consumer_offsets-8 starts at leader epoch 0 from offset 0 with high watermark 0 ISR [1] addingReplicas [] removingReplicas []. Previous leader epoch was -1. (state.change.logger)
[2021-05-04 22:54:56,030] INFO [Broker id=0] Leader __consumer_offsets-49 starts at leader epoch 0 from offset 0 with high watermark 0 ISR [0] addingReplicas [] removingReplicas []. Previous leader epoch was -1. (state.change.logger)
[2021-05-04 22:54:56,035] INFO [Broker id=1] Leader __consumer_offsets-26 starts at leader epoch 0 from offset 0 with high watermark 0 ISR [1] addingReplicas [] removingReplicas []. Previous leader epoch was -1. (state.change.logger)
[2021-05-04 22:54:56,037] INFO [Broker id=0] Leader __consumer_offsets-35 starts at leader epoch 0 from offset 0 with high watermark 0 ISR [0] addingReplicas [] removingReplicas []. Previous leader epoch was -1. (state.change.logger)
[2021-05-04 22:54:56,042] INFO [Broker id=1] Leader __consumer_offsets-30 starts at leader epoch 0 from offset 0 with high watermark 0 ISR [1] addingReplicas [] removingReplicas []. Previous leader epoch was -1. (state.change.logger)
[2021-05-04 22:54:56,043] INFO [Broker id=0] Leader __consumer_offsets-5 starts at leader epoch 0 from offset 0 with high watermark 0 ISR [0] addingReplicas [] removingReplicas []. Previous leader epoch was -1. (state.change.logger)
[2021-05-04 22:54:56,048] INFO [Broker id=1] Leader __consumer_offsets-0 starts at leader epoch 0 from offset 0 with high watermark 0 ISR [1] addingReplicas [] removingReplicas []. Previous leader epoch was -1. (state.change.logger)
[2021-05-04 22:54:56,049] INFO [Broker id=0] Leader __consumer_offsets-39 starts at leader epoch 0 from offset 0 with high watermark 0 ISR [0] addingReplicas [] removingReplicas []. Previous leader epoch was -1. (state.change.logger)
[2021-05-04 22:54:56,054] INFO [Broker id=1] Leader __consumer_offsets-20 starts at leader epoch 0 from offset 0 with high watermark 0 ISR [1] addingReplicas [] removingReplicas []. Previous leader epoch was -1. (state.change.logger)
[2021-05-04 22:54:56,055] INFO [Broker id=0] Leader __consumer_offsets-9 starts at leader epoch 0 from offset 0 with high watermark 0 ISR [0] addingReplicas [] removingReplicas []. Previous leader epoch was -1. (state.change.logger)
[2021-05-04 22:54:56,060] INFO [Broker id=1] Leader __consumer_offsets-24 starts at leader epoch 0 from offset 0 with high watermark 0 ISR [1] addingReplicas [] removingReplicas []. Previous leader epoch was -1. (state.change.logger)
[2021-05-04 22:54:56,061] INFO [Broker id=0] Leader __consumer_offsets-27 starts at leader epoch 0 from offset 0 with high watermark 0 ISR [0] addingReplicas [] removingReplicas []. Previous leader epoch was -1. (state.change.logger)
[2021-05-04 22:54:56,067] INFO [Broker id=0] Leader __consumer_offsets-31 starts at leader epoch 0 from offset 0 with high watermark 0 ISR [0] addingReplicas [] removingReplicas []. Previous leader epoch was -1. (state.change.logger)
[2021-05-04 22:54:56,069] INFO [Broker id=1] Leader __consumer_offsets-42 starts at leader epoch 0 from offset 0 with high watermark 0 ISR [1] addingReplicas [] removingReplicas []. Previous leader epoch was -1. (state.change.logger)
[2021-05-04 22:54:56,073] INFO [Broker id=0] Leader __consumer_offsets-1 starts at leader epoch 0 from offset 0 with high watermark 0 ISR [0] addingReplicas [] removingReplicas []. Previous leader epoch was -1. (state.change.logger)
[2021-05-04 22:54:56,075] INFO [Broker id=1] Leader __consumer_offsets-12 starts at leader epoch 0 from offset 0 with high watermark 0 ISR [1] addingReplicas [] removingReplicas []. Previous leader epoch was -1. (state.change.logger)
[2021-05-04 22:54:56,079] INFO [Broker id=0] Leader __consumer_offsets-21 starts at leader epoch 0 from offset 0 with high watermark 0 ISR [0] addingReplicas [] removingReplicas []. Previous leader epoch was -1. (state.change.logger)
[2021-05-04 22:54:56,082] INFO [Broker id=1] Leader __consumer_offsets-46 starts at leader epoch 0 from offset 0 with high watermark 0 ISR [1] addingReplicas [] removingReplicas []. Previous leader epoch was -1. (state.change.logger)
[2021-05-04 22:54:56,085] INFO [Broker id=0] Leader __consumer_offsets-25 starts at leader epoch 0 from offset 0 with high watermark 0 ISR [0] addingReplicas [] removingReplicas []. Previous leader epoch was -1. (state.change.logger)
[2021-05-04 22:54:56,088] INFO [Broker id=1] Leader __consumer_offsets-16 starts at leader epoch 0 from offset 0 with high watermark 0 ISR [1] addingReplicas [] removingReplicas []. Previous leader epoch was -1. (state.change.logger)
[2021-05-04 22:54:56,090] INFO [Broker id=0] Leader __consumer_offsets-43 starts at leader epoch 0 from offset 0 with high watermark 0 ISR [0] addingReplicas [] removingReplicas []. Previous leader epoch was -1. (state.change.logger)
[2021-05-04 22:54:56,094] INFO [Broker id=1] Leader __consumer_offsets-2 starts at leader epoch 0 from offset 0 with high watermark 0 ISR [1] addingReplicas [] removingReplicas []. Previous leader epoch was -1. (state.change.logger)
[2021-05-04 22:54:56,095] INFO [Broker id=0] Leader __consumer_offsets-13 starts at leader epoch 0 from offset 0 with high watermark 0 ISR [0] addingReplicas [] removingReplicas []. Previous leader epoch was -1. (state.change.logger)
[2021-05-04 22:54:56,102] INFO [Broker id=0] Leader __consumer_offsets-47 starts at leader epoch 0 from offset 0 with high watermark 0 ISR [0] addingReplicas [] removingReplicas []. Previous leader epoch was -1. (state.change.logger)
[2021-05-04 22:54:56,102] INFO [Broker id=1] Leader __consumer_offsets-36 starts at leader epoch 0 from offset 0 with high watermark 0 ISR [1] addingReplicas [] removingReplicas []. Previous leader epoch was -1. (state.change.logger)
[2021-05-04 22:54:56,110] INFO [Broker id=1] Leader __consumer_offsets-6 starts at leader epoch 0 from offset 0 with high watermark 0 ISR [1] addingReplicas [] removingReplicas []. Previous leader epoch was -1. (state.change.logger)
[2021-05-04 22:54:56,110] INFO [Broker id=0] Leader __consumer_offsets-17 starts at leader epoch 0 from offset 0 with high watermark 0 ISR [0] addingReplicas [] removingReplicas []. Previous leader epoch was -1. (state.change.logger)
[2021-05-04 22:54:56,115] INFO [Broker id=0] Finished LeaderAndIsr request in 198ms correlationId 9 from controller 0 for 25 partitions (state.change.logger)
[2021-05-04 22:54:56,117] INFO [Broker id=1] Leader __consumer_offsets-40 starts at leader epoch 0 from offset 0 with high watermark 0 ISR [1] addingReplicas [] removingReplicas []. Previous leader epoch was -1. (state.change.logger)
[2021-05-04 22:54:56,119] INFO [Broker id=0] Add 50 partitions and deleted 0 partitions from metadata cache in response to UpdateMetadata request sent by controller 0 epoch 5 with correlation id 10 (state.change.logger)
[2021-05-04 22:54:56,125] INFO [Broker id=1] Leader __consumer_offsets-28 starts at leader epoch 0 from offset 0 with high watermark 0 ISR [1] addingReplicas [] removingReplicas []. Previous leader epoch was -1. (state.change.logger)
[2021-05-04 22:54:56,129] INFO [Broker id=1] Leader __consumer_offsets-32 starts at leader epoch 0 from offset 0 with high watermark 0 ISR [1] addingReplicas [] removingReplicas []. Previous leader epoch was -1. (state.change.logger)
[2021-05-04 22:54:56,137] INFO [Broker id=1] Finished LeaderAndIsr request in 219ms correlationId 4 from controller 0 for 25 partitions (state.change.logger)
[2021-05-04 22:54:56,141] INFO [Broker id=1] Add 50 partitions and deleted 0 partitions from metadata cache in response to UpdateMetadata request sent by controller 0 epoch 5 with correlation id 5 (state.change.logger)
